<?xml version="1.0" encoding="UTF-8"?>
<testsuite xmlns:xsi="http://www.w3.org/2001/XMLSchema-instance" xsi:schemaLocation="https://maven.apache.org/surefire/maven-surefire-plugin/xsd/surefire-test-report.xsd" name="com.bf1.manualsuite.TestStrman" time="0.243" tests="93" errors="0" skipped="0" failures="0">
  <properties>
    <property name="java.runtime.name" value="OpenJDK Runtime Environment"/>
    <property name="java.vm.version" value="11.0.10+9-Ubuntu-0ubuntu1.20.04"/>
    <property name="sun.boot.library.path" value="/usr/lib/jvm/java-11-openjdk-amd64/lib"/>
    <property name="maven.multiModuleProjectDirectory" value="/home/razeen/cs honoursa/stages/stage 1-Experimentation&amp;Research/manualsuite"/>
    <property name="java.vm.vendor" value="Ubuntu"/>
    <property name="java.vendor.url" value="https://ubuntu.com/"/>
    <property name="guice.disable.misplaced.annotation.check" value="true"/>
    <property name="path.separator" value=":"/>
    <property name="java.vm.name" value="OpenJDK 64-Bit Server VM"/>
    <property name="sun.os.patch.level" value="unknown"/>
    <property name="user.country" value="ZW"/>
    <property name="sun.java.launcher" value="SUN_STANDARD"/>
    <property name="java.vm.specification.name" value="Java Virtual Machine Specification"/>
    <property name="user.dir" value="/home/razeen/cs honoursa/stages/stage 1-Experimentation&amp;Research/manualsuite"/>
    <property name="java.vm.compressedOopsMode" value="32-bit"/>
    <property name="java.runtime.version" value="11.0.10+9-Ubuntu-0ubuntu1.20.04"/>
    <property name="java.awt.graphicsenv" value="sun.awt.X11GraphicsEnvironment"/>
    <property name="os.arch" value="amd64"/>
    <property name="java.io.tmpdir" value="/tmp"/>
    <property name="line.separator" value="&#10;"/>
    <property name="java.vm.specification.vendor" value="Oracle Corporation"/>
    <property name="os.name" value="Linux"/>
    <property name="classworlds.conf" value="/usr/share/maven/bin/m2.conf"/>
    <property name="sun.jnu.encoding" value="UTF-8"/>
    <property name="java.library.path" value="/usr/java/packages/lib:/usr/lib/x86_64-linux-gnu/jni:/lib/x86_64-linux-gnu:/usr/lib/x86_64-linux-gnu:/usr/lib/jni:/lib:/usr/lib"/>
    <property name="maven.conf" value="/usr/share/maven/conf"/>
    <property name="jdk.debug" value="release"/>
    <property name="java.class.version" value="55.0"/>
    <property name="java.specification.name" value="Java Platform API Specification"/>
    <property name="sun.management.compiler" value="HotSpot 64-Bit Tiered Compilers"/>
    <property name="os.version" value="5.8.0-45-generic"/>
    <property name="library.jansi.path" value="/usr/share/maven/lib/jansi-native"/>
    <property name="user.home" value="/home/razeen"/>
    <property name="user.timezone" value="Africa/Harare"/>
    <property name="java.awt.printerjob" value="sun.print.PSPrinterJob"/>
    <property name="file.encoding" value="UTF-8"/>
    <property name="java.specification.version" value="11"/>
    <property name="user.name" value="razeen"/>
    <property name="java.class.path" value="/usr/share/maven/boot/plexus-classworlds-2.x.jar"/>
    <property name="java.vm.specification.version" value="11"/>
    <property name="sun.arch.data.model" value="64"/>
    <property name="sun.java.command" value="org.codehaus.plexus.classworlds.launcher.Launcher test"/>
    <property name="java.home" value="/usr/lib/jvm/java-11-openjdk-amd64"/>
    <property name="user.language" value="en"/>
    <property name="java.specification.vendor" value="Oracle Corporation"/>
    <property name="awt.toolkit" value="sun.awt.X11.XToolkit"/>
    <property name="java.vm.info" value="mixed mode, sharing"/>
    <property name="java.version" value="11.0.10"/>
    <property name="securerandom.source" value="file:/dev/./urandom"/>
    <property name="java.vendor" value="Ubuntu"/>
    <property name="maven.home" value="/usr/share/maven"/>
    <property name="file.separator" value="/"/>
    <property name="java.version.date" value="2021-01-19"/>
    <property name="java.vendor.url.bug" value="https://bugs.launchpad.net/ubuntu/+source/openjdk-lts"/>
    <property name="sun.io.unicode.encoding" value="UnicodeLittle"/>
    <property name="sun.cpu.endian" value="little"/>
    <property name="sun.desktop" value="gnome"/>
    <property name="sun.cpu.isalist" value=""/>
  </properties>
  <testcase name="testdecDecode" classname="com.bf1.manualsuite.TestStrman" time="0.061"/>
  <testcase name="testAtPositiveIndexInRange" classname="com.bf1.manualsuite.TestStrman" time="0"/>
  <testcase name="testdecEncode" classname="com.bf1.manualsuite.TestStrman" time="0.029"/>
  <testcase name="testRemoveLeftCaseSebnsitive" classname="com.bf1.manualsuite.TestStrman" time="0.001"/>
  <testcase name="testPrependArray" classname="com.bf1.manualsuite.TestStrman" time="0.001"/>
  <testcase name="testContainsAllCaseSensitive" classname="com.bf1.manualsuite.TestStrman" time="0.003"/>
  <testcase name="testLeftTrim" classname="com.bf1.manualsuite.TestStrman" time="0"/>
  <testcase name="testIsenclosedBetween" classname="com.bf1.manualsuite.TestStrman" time="0"/>
  <testcase name="testTruncate" classname="com.bf1.manualsuite.TestStrman" time="0"/>
  <testcase name="testToStudylCase" classname="com.bf1.manualsuite.TestStrman" time="0.007"/>
  <testcase name="testHexDecode" classname="com.bf1.manualsuite.TestStrman" time="0"/>
  <testcase name="testHexEncode" classname="com.bf1.manualsuite.TestStrman" time="0.001"/>
  <testcase name="testZip" classname="com.bf1.manualsuite.TestStrman" time="0.017"/>
  <testcase name="testCountSubstrOverlapping" classname="com.bf1.manualsuite.TestStrman" time="0"/>
  <testcase name="testChars" classname="com.bf1.manualsuite.TestStrman" time="0"/>
  <testcase name="testFirst" classname="com.bf1.manualsuite.TestStrman" time="0"/>
  <testcase name="testLines" classname="com.bf1.manualsuite.TestStrman" time="0.001"/>
  <testcase name="testSlice" classname="com.bf1.manualsuite.TestStrman" time="0.001"/>
  <testcase name="testSplit" classname="com.bf1.manualsuite.TestStrman" time="0"/>
  <testcase name="testWirds" classname="com.bf1.manualsuite.TestStrman" time="0.003"/>
  <testcase name="testBinDecode" classname="com.bf1.manualsuite.TestStrman" time="0"/>
  <testcase name="testChop" classname="com.bf1.manualsuite.TestStrman" time="0.004"/>
  <testcase name="testHead" classname="com.bf1.manualsuite.TestStrman" time="0"/>
  <testcase name="testLast" classname="com.bf1.manualsuite.TestStrman" time="0.001"/>
  <testcase name="testTail" classname="com.bf1.manualsuite.TestStrman" time="0"/>
  <testcase name="testBinEncode" classname="com.bf1.manualsuite.TestStrman" time="0"/>
  <testcase name="testContainsAnyCaseSensitive" classname="com.bf1.manualsuite.TestStrman" time="0.002"/>
  <testcase name="testLastIndexOf" classname="com.bf1.manualsuite.TestStrman" time="0.001"/>
  <testcase name="testContainsCaseInsensitive" classname="com.bf1.manualsuite.TestStrman" time="0"/>
  <testcase name="testRemoveEmptyStrings" classname="com.bf1.manualsuite.TestStrman" time="0.001"/>
  <testcase name="testCountSubstrNoOverlapping" classname="com.bf1.manualsuite.TestStrman" time="0"/>
  <testcase name="testRightTrim" classname="com.bf1.manualsuite.TestStrman" time="0.001"/>
  <testcase name="testSurround" classname="com.bf1.manualsuite.TestStrman" time="0"/>
  <testcase name="testEnsureLeftCaseInsensitive" classname="com.bf1.manualsuite.TestStrman" time="0.001"/>
  <testcase name="testRightPad" classname="com.bf1.manualsuite.TestStrman" time="0.001"/>
  <testcase name="testPrepend" classname="com.bf1.manualsuite.TestStrman" time="0"/>
  <testcase name="testUnequal" classname="com.bf1.manualsuite.TestStrman" time="0"/>
  <testcase name="testBetween" classname="com.bf1.manualsuite.TestStrman" time="0.002"/>
  <testcase name="testAtOutOfRange" classname="com.bf1.manualsuite.TestStrman" time="0"/>
  <testcase name="testLastIndexOfCaseSensitiveOffset" classname="com.bf1.manualsuite.TestStrman" time="0"/>
  <testcase name="trimStart" classname="com.bf1.manualsuite.TestStrman" time="0.002"/>
  <testcase name="testEnsureRight" classname="com.bf1.manualsuite.TestStrman" time="0"/>
  <testcase name="testEndsWithCaseInSensPosition" classname="com.bf1.manualsuite.TestStrman" time="0"/>
  <testcase name="testDasherize" classname="com.bf1.manualsuite.TestStrman" time="0.005"/>
  <testcase name="testLeftPad" classname="com.bf1.manualsuite.TestStrman" time="0"/>
  <testcase name="testAtNegativeIndexInRange" classname="com.bf1.manualsuite.TestStrman" time="0.001"/>
  <testcase name="testBase64Decode" classname="com.bf1.manualsuite.TestStrman" time="0.001"/>
  <testcase name="testBase64Encode" classname="com.bf1.manualsuite.TestStrman" time="0"/>
  <testcase name="testContainsAnyCaseInSensitive" classname="com.bf1.manualsuite.TestStrman" time="0"/>
  <testcase name="testEndsWithCaseInSens" classname="com.bf1.manualsuite.TestStrman" time="0"/>
  <testcase name="testSelfTruncate" classname="com.bf1.manualsuite.TestStrman" time="0"/>
  <testcase name="testKebabCase" classname="com.bf1.manualsuite.TestStrman" time="0.001"/>
  <testcase name="testLowerCase" classname="com.bf1.manualsuite.TestStrman" time="0.002"/>
  <testcase name="testRemoveSpaces" classname="com.bf1.manualsuite.TestStrman" time="0"/>
  <testcase name="testRepeated" classname="com.bf1.manualsuite.TestStrman" time="0.001"/>
  <testcase name="testRemoveLeft" classname="com.bf1.manualsuite.TestStrman" time="0"/>
  <testcase name="testRemoveRigh" classname="com.bf1.manualsuite.TestStrman" time="0"/>
  <testcase name="testSwapCase" classname="com.bf1.manualsuite.TestStrman" time="0"/>
  <testcase name="testUnderscored" classname="com.bf1.manualsuite.TestStrman" time="0"/>
  <testcase name="testLowerFirst" classname="com.bf1.manualsuite.TestStrman" time="0.002"/>
  <testcase name="testContainsCaseSensitive" classname="com.bf1.manualsuite.TestStrman" time="0"/>
  <testcase name="testIsString" classname="com.bf1.manualsuite.TestStrman" time="0"/>
  <testcase name="testAppendEmptyArray" classname="com.bf1.manualsuite.TestStrman" time="0"/>
  <testcase name="testReplace" classname="com.bf1.manualsuite.TestStrman" time="0"/>
  <testcase name="testReverse" classname="com.bf1.manualsuite.TestStrman" time="0"/>
  <testcase name="testRemoveRightCaseSebnsitive" classname="com.bf1.manualsuite.TestStrman" time="0"/>
  <testcase name="testSnakeCase" classname="com.bf1.manualsuite.TestStrman" time="0"/>
  <testcase name="testLastIndexOfCaseSensitive" classname="com.bf1.manualsuite.TestStrman" time="0"/>
  <testcase name="testUppercase" classname="com.bf1.manualsuite.TestStrman" time="0"/>
  <testcase name="testRemoveNonWord" classname="com.bf1.manualsuite.TestStrman" time="0"/>
  <testcase name="testCharsCount" classname="com.bf1.manualsuite.TestStrman" time="0.007"/>
  <testcase name="testTransliterate" classname="com.bf1.manualsuite.TestStrman" time="0.006"/>
  <testcase name="testDeCamel" classname="com.bf1.manualsuite.TestStrman" time="0.001"/>
  <testcase name="testAppend" classname="com.bf1.manualsuite.TestStrman" time="0"/>
  <testcase name="testHtmlDecode" classname="com.bf1.manualsuite.TestStrman" time="0.016"/>
  <testcase name="testHtmlEncode" classname="com.bf1.manualsuite.TestStrman" time="0.014"/>
  <testcase name="testHumanize" classname="com.bf1.manualsuite.TestStrman" time="0.001"/>
  <testcase name="testCollapseWhitespace" classname="com.bf1.manualsuite.TestStrman" time="0.001"/>
  <testcase name="testInsert" classname="com.bf1.manualsuite.TestStrman" time="0"/>
  <testcase name="testAppendNull" classname="com.bf1.manualsuite.TestStrman" time="0.002"/>
  <testcase name="testEnsureLeftPrependCaseInsensitive" classname="com.bf1.manualsuite.TestStrman" time="0.001"/>
  <testcase name="trimSEnd" classname="com.bf1.manualsuite.TestStrman" time="0.003"/>
  <testcase name="testLength" classname="com.bf1.manualsuite.TestStrman" time="0"/>
  <testcase name="testIndexOf" classname="com.bf1.manualsuite.TestStrman" time="0.001"/>
  <testcase name="testInequal" classname="com.bf1.manualsuite.TestStrman" time="0"/>
  <testcase name="testEndsWithCaseSens" classname="com.bf1.manualsuite.TestStrman" time="0.001"/>
  <testcase name="testIsBlank" classname="com.bf1.manualsuite.TestStrman" time="0"/>
  <testcase name="testShuffle" classname="com.bf1.manualsuite.TestStrman" time="0.001"/>
  <testcase name="testAppendArray" classname="com.bf1.manualsuite.TestStrman" time="0.001"/>
  <testcase name="testSlugify" classname="com.bf1.manualsuite.TestStrman" time="0.002"/>
  <testcase name="testCapitalize" classname="com.bf1.manualsuite.TestStrman" time="0.003"/>
  <testcase name="testContainsAllCaseInsensitive" classname="com.bf1.manualsuite.TestStrman" time="0.001"/>
  <testcase name="testUpperFirst" classname="com.bf1.manualsuite.TestStrman" time="0"/>
</testsuite>